2020-07-24 13:25:37 INFO  TestBase:54 - navigating to :-http://www.flipkart.com
2020-07-24 13:29:38 INFO  TestBase:54 - navigating to :-http://www.flipkart.com
2020-07-24 13:42:57 INFO  TestBase:54 - navigating to :-http://www.flipkart.com
2020-07-24 13:43:42 INFO  TestBase:54 - navigating to :-http://www.flipkart.com
2020-07-24 13:45:45 INFO  TestBase:54 - navigating to :-http://www.flipkart.com
2020-07-24 13:46:38 INFO  TestBase:54 - navigating to :-http://www.flipkart.com
2020-07-24 13:48:03 INFO  TestBase:54 - navigating to :-http://www.flipkart.com
2020-07-24 13:48:59 INFO  TestBase:54 - navigating to :-http://www.flipkart.com
2020-07-24 15:31:44 INFO  TestBase:55 - navigating to :-http://www.flipkart.com
2020-07-24 15:33:42 INFO  TestBase:55 - navigating to :-http://www.flipkart.com
2020-07-24 16:25:55 INFO  TestBase:55 - navigating to :-http://www.flipkart.com
2020-07-24 16:29:03 INFO  TestBase:55 - navigating to :-http://www.flipkart.com
2020-07-24 16:31:12 INFO  TestBase:55 - navigating to :-http://www.flipkart.com
2020-07-24 16:35:30 INFO  Login:31 - ===========Invoking browser =============
2020-07-24 16:35:35 INFO  TestBase:55 - navigating to :-http://www.flipkart.com
2020-07-24 16:48:09 INFO  Login:31 - ===========Invoking browser =============
2020-07-24 16:48:16 INFO  TestBase:55 - navigating to :-http://www.flipkart.com
2020-07-24 16:49:05 INFO  Login:31 - ===========Invoking browser =============
2020-07-24 16:49:10 INFO  TestBase:55 - navigating to :-http://www.flipkart.com
2020-07-24 16:56:13 INFO  Login:31 - ===========Invoking browser =============
2020-07-24 16:56:18 INFO  TestBase:55 - navigating to :-http://www.flipkart.com
2020-07-24 17:09:43 INFO  Login:31 - ===========Invoking browser =============
2020-07-24 17:25:28 INFO  Login:31 - ===========Invoking browser =============
2020-07-24 17:25:40 INFO  TestBase:55 - navigating to :-http://www.flipkart.com
2020-07-24 17:25:51 INFO  Login:41 - ================Login Successfully===================
2020-07-26 13:01:50 INFO  Login:32 - ===========Invoking browser =============
2020-07-26 13:01:56 INFO  TestBase:55 - navigating to :-http://www.flipkart.com
2020-07-26 13:02:04 INFO  Login:48 - ================Login Successfully===================
2020-07-26 13:02:04 INFO  LoginPage:84 - =========Landed to HomePage=======
2020-07-26 13:02:07 INFO  PO_HomePage:60 - ====Search Text Enter=====
2020-07-26 13:02:09 INFO  HomePage:42 - ================Search result appear===================
2020-07-26 15:02:19 INFO  Login:32 - ===========Invoking browser =============
2020-07-26 15:02:24 INFO  TestBase:55 - navigating to :-http://www.flipkart.com
2020-07-26 15:02:33 INFO  Login:48 - ================Login Successfully===================
2020-07-26 15:02:33 INFO  LoginPage:84 - =========Landed to HomePage=======
2020-07-26 15:04:01 INFO  Login:32 - ===========Invoking browser =============
2020-07-26 15:04:07 INFO  TestBase:55 - navigating to :-http://www.flipkart.com
2020-07-26 15:04:14 INFO  Login:48 - ================Login Successfully===================
2020-07-26 15:04:14 INFO  LoginPage:84 - =========Landed to HomePage=======
2020-07-26 15:10:29 INFO  Login:32 - ===========Invoking browser =============
2020-07-26 15:10:34 INFO  TestBase:55 - navigating to :-http://www.flipkart.com
2020-07-26 15:10:42 INFO  Login:48 - ================Login Successfully===================
2020-07-26 15:10:42 INFO  LoginPage:84 - =========Landed to HomePage=======
2020-07-26 15:14:32 INFO  Login:32 - ===========Invoking browser =============
2020-07-26 15:14:37 INFO  TestBase:55 - navigating to :-http://www.flipkart.com
2020-07-26 15:14:51 INFO  Login:48 - ================Login Successfully===================
2020-07-26 15:14:51 INFO  LoginPage:84 - =========Landed to HomePage=======
2020-07-26 15:14:51 INFO  PO_HomePage:51 - =====Clicking on Search Bar=========
2020-07-26 15:16:23 INFO  Login:32 - ===========Invoking browser =============
2020-07-26 15:16:29 INFO  TestBase:55 - navigating to :-http://www.flipkart.com
2020-07-26 15:16:36 INFO  Login:48 - ================Login Successfully===================
2020-07-26 15:16:36 INFO  LoginPage:84 - =========Landed to HomePage=======
2020-07-26 15:16:39 INFO  PO_HomePage:51 - =====Clicking on Search Bar=========
2020-07-26 15:16:40 INFO  PO_HomePage:60 - ====Search Text Enter=====
2020-07-26 15:16:42 INFO  HomePage:43 - ================Search result appear===================
2020-07-26 15:18:35 INFO  Login:32 - ===========Invoking browser =============
2020-07-26 15:18:41 INFO  TestBase:55 - navigating to :-http://www.flipkart.com
2020-07-26 15:18:50 INFO  Login:48 - ================Login Successfully===================
2020-07-26 15:18:50 INFO  LoginPage:84 - =========Landed to HomePage=======
2020-07-26 15:18:53 INFO  PO_HomePage:51 - =====Clicking on Search Bar=========
2020-07-26 15:18:54 INFO  PO_HomePage:60 - ====Search Text Enter=====
2020-07-26 15:18:56 INFO  HomePage:43 - ================Search result appear===================
2020-07-26 15:20:21 INFO  Login:32 - ===========Invoking browser =============
2020-07-26 15:20:27 INFO  TestBase:55 - navigating to :-http://www.flipkart.com
2020-07-26 15:20:37 INFO  Login:48 - ================Login Successfully===================
2020-07-26 15:20:37 INFO  LoginPage:84 - =========Landed to HomePage=======
2020-07-26 15:20:40 INFO  PO_HomePage:51 - =====Clicking on Search Bar=========
2020-07-26 15:20:44 INFO  PO_HomePage:60 - ====Search Text Enter=====
2020-07-26 15:20:47 INFO  HomePage:43 - ================Search result appear===================
2020-07-26 18:08:46 INFO  Login:32 - ===========Invoking browser =============
2020-07-26 18:08:51 INFO  TestBase:55 - navigating to :-http://www.flipkart.com
2020-07-26 18:08:58 INFO  Login:48 - ================Login Successfully===================
2020-07-26 18:08:58 INFO  LoginPage:84 - =========Landed to HomePage=======
2020-07-26 18:09:02 INFO  PO_HomePage:51 - =====Clicking on Search Bar=========
2020-07-26 18:09:03 INFO  PO_HomePage:60 - ====Search Text Enter=====
2020-07-26 18:09:04 INFO  HomePage:43 - ================Search result appear===================
2020-07-26 18:12:20 INFO  Login:32 - ===========Invoking browser =============
2020-07-26 18:12:25 INFO  TestBase:55 - navigating to :-http://www.flipkart.com
2020-07-26 18:12:31 INFO  Login:48 - ================Login Successfully===================
2020-07-26 18:12:31 INFO  LoginPage:84 - =========Landed to HomePage=======
2020-07-26 18:12:34 INFO  PO_HomePage:51 - =====Clicking on Search Bar=========
2020-07-26 18:12:35 INFO  PO_HomePage:60 - ====Search Text Enter=====
2020-07-26 18:12:37 INFO  HomePage:43 - ================Search result appear===================
2020-07-26 18:12:37 INFO  ProductDetail:35 - Landed
2020-07-26 18:29:35 INFO  Login:32 - ===========Invoking browser =============
2020-07-26 18:29:40 INFO  TestBase:55 - navigating to :-http://www.flipkart.com
2020-07-26 18:29:46 INFO  Login:48 - ================Login Successfully===================
2020-07-26 18:29:46 INFO  LoginPage:84 - =========Landed to HomePage=======
2020-07-26 18:29:50 INFO  PO_HomePage:51 - =====Clicking on Search Bar=========
2020-07-26 18:29:50 INFO  PO_HomePage:60 - ====Search Text Enter=====
2020-07-26 18:29:52 INFO  HomePage:43 - ================Search result appear===================
2020-07-26 18:29:52 INFO  ProductDetail:35 - Landed
2020-07-26 18:30:45 INFO  Login:32 - ===========Invoking browser =============
2020-07-26 18:30:50 INFO  TestBase:55 - navigating to :-http://www.flipkart.com
2020-07-26 18:30:58 INFO  Login:48 - ================Login Successfully===================
2020-07-26 18:30:58 INFO  LoginPage:84 - =========Landed to HomePage=======
2020-07-26 18:31:01 INFO  PO_HomePage:51 - =====Clicking on Search Bar=========
2020-07-26 18:31:02 INFO  PO_HomePage:60 - ====Search Text Enter=====
2020-07-26 18:31:03 INFO  HomePage:43 - ================Search result appear===================
2020-07-26 18:31:03 INFO  ProductDetail:35 - Landed
2020-07-26 18:33:05 INFO  Login:32 - ===========Invoking browser =============
2020-07-26 18:33:10 INFO  TestBase:55 - navigating to :-http://www.flipkart.com
2020-07-26 18:33:17 INFO  Login:48 - ================Login Successfully===================
2020-07-26 18:33:17 INFO  LoginPage:84 - =========Landed to HomePage=======
2020-07-26 18:33:20 INFO  PO_HomePage:51 - =====Clicking on Search Bar=========
2020-07-26 18:33:21 INFO  PO_HomePage:60 - ====Search Text Enter=====
2020-07-26 18:33:23 INFO  HomePage:43 - ================Search result appear===================
2020-07-26 18:33:23 INFO  ProductDetail:35 - Landed
2020-07-26 18:34:41 INFO  Login:32 - ===========Invoking browser =============
2020-07-26 18:34:48 INFO  TestBase:55 - navigating to :-http://www.flipkart.com
2020-07-26 18:34:56 INFO  Login:48 - ================Login Successfully===================
2020-07-26 18:34:56 INFO  LoginPage:84 - =========Landed to HomePage=======
2020-07-26 18:34:59 INFO  PO_HomePage:51 - =====Clicking on Search Bar=========
2020-07-26 18:35:00 INFO  PO_HomePage:60 - ====Search Text Enter=====
2020-07-26 18:35:02 INFO  HomePage:43 - ================Search result appear===================
2020-07-26 18:35:02 INFO  ProductDetail:35 - Landed
2020-07-26 18:35:02 INFO  PO_ProductDetail:44 - java.lang.NullPointerException
2020-07-26 18:36:19 INFO  Login:32 - ===========Invoking browser =============
2020-07-26 18:36:25 INFO  TestBase:55 - navigating to :-http://www.flipkart.com
2020-07-26 18:36:32 INFO  Login:48 - ================Login Successfully===================
2020-07-26 18:36:32 INFO  LoginPage:84 - =========Landed to HomePage=======
2020-07-26 18:36:35 INFO  PO_HomePage:51 - =====Clicking on Search Bar=========
2020-07-26 18:36:36 INFO  PO_HomePage:60 - ====Search Text Enter=====
2020-07-26 18:36:37 INFO  HomePage:43 - ================Search result appear===================
2020-07-26 18:36:37 INFO  ProductDetail:35 - Landed
2020-07-26 18:36:37 INFO  PO_ProductDetail:44 - java.lang.NullPointerException
2020-07-26 18:42:34 INFO  Login:32 - ===========Invoking browser =============
2020-07-26 18:42:39 INFO  TestBase:55 - navigating to :-http://www.flipkart.com
2020-07-26 18:42:47 INFO  Login:48 - ================Login Successfully===================
2020-07-26 18:42:47 INFO  LoginPage:84 - =========Landed to HomePage=======
2020-07-26 18:42:50 INFO  PO_HomePage:51 - =====Clicking on Search Bar=========
2020-07-26 18:42:51 INFO  PO_HomePage:60 - ====Search Text Enter=====
2020-07-26 18:42:52 INFO  HomePage:43 - ================Search result appear===================
2020-07-26 18:42:52 INFO  ProductDetail:35 - Landed
2020-07-26 18:42:52 INFO  PO_ProductDetail:45 - java.lang.NullPointerException
2020-07-26 18:46:35 INFO  Login:32 - ===========Invoking browser =============
2020-07-26 18:46:40 INFO  TestBase:55 - navigating to :-http://www.flipkart.com
2020-07-26 18:46:46 INFO  Login:48 - ================Login Successfully===================
2020-07-26 18:46:46 INFO  LoginPage:84 - =========Landed to HomePage=======
2020-07-26 18:46:49 INFO  PO_HomePage:51 - =====Clicking on Search Bar=========
2020-07-26 18:46:50 INFO  PO_HomePage:60 - ====Search Text Enter=====
2020-07-26 18:46:52 INFO  HomePage:43 - ================Search result appear===================
2020-07-26 18:46:52 INFO  ProductDetail:35 - Landed
2020-07-26 18:48:36 INFO  Login:32 - ===========Invoking browser =============
2020-07-26 18:48:41 INFO  TestBase:55 - navigating to :-http://www.flipkart.com
2020-07-26 18:48:52 INFO  Login:48 - ================Login Successfully===================
2020-07-26 18:48:52 INFO  LoginPage:84 - =========Landed to HomePage=======
2020-07-26 18:48:55 INFO  PO_HomePage:51 - =====Clicking on Search Bar=========
2020-07-26 18:49:06 INFO  PO_HomePage:60 - ====Search Text Enter=====
2020-07-26 18:49:21 INFO  ProductDetail:35 - Landed
2020-07-26 19:03:04 INFO  Login:32 - ===========Invoking browser =============
2020-07-26 19:03:08 INFO  TestBase:55 - navigating to :-http://www.flipkart.com
2020-07-26 19:03:17 INFO  Login:48 - ================Login Successfully===================
2020-07-26 19:03:17 INFO  LoginPage:84 - =========Landed to HomePage=======
2020-07-26 19:03:20 INFO  PO_HomePage:51 - =====Clicking on Search Bar=========
2020-07-26 19:03:20 INFO  PO_HomePage:60 - ====Search Text Enter=====
2020-07-26 19:03:22 INFO  HomePage:43 - ================Search result appear===================
2020-07-26 19:03:22 INFO  ProductDetail:35 - Landed
2020-07-26 19:05:34 INFO  Login:32 - ===========Invoking browser =============
2020-07-26 19:05:39 INFO  TestBase:55 - navigating to :-http://www.flipkart.com
2020-07-26 19:05:46 INFO  Login:48 - ================Login Successfully===================
2020-07-26 19:05:46 INFO  LoginPage:84 - =========Landed to HomePage=======
2020-07-26 19:05:49 INFO  PO_HomePage:51 - =====Clicking on Search Bar=========
2020-07-26 19:05:50 INFO  PO_HomePage:60 - ====Search Text Enter=====
2020-07-26 19:05:51 INFO  HomePage:43 - ================Search result appear===================
2020-07-26 19:05:51 INFO  ProductDetail:35 - Landedcom.pageObjects.PO_ProductDetail@435871cb
2020-07-26 19:15:24 INFO  ProductDetail:33 - ===========Invoking browser =============
2020-07-26 19:15:29 INFO  TestBase:55 - navigating to :-https://www.flipkart.com/search?q=Camera&otracker=search&otracker1=search&marketplace=FLIPKART&as-show=on&as=off
2020-07-26 19:15:34 INFO  ProductDetail:42 - Landedcom.pageObjects.PO_ProductDetail@a1f72f5
2020-07-26 19:16:23 INFO  ProductDetail:33 - ===========Invoking browser =============
2020-07-26 19:16:28 INFO  TestBase:55 - navigating to :-https://www.flipkart.com/search?q=Camera&otracker=search&otracker1=search&marketplace=FLIPKART&as-show=on&as=off
2020-07-26 19:16:34 INFO  ProductDetail:42 - Landedcom.pageObjects.PO_ProductDetail@a1f72f5
2020-07-26 19:17:35 INFO  ProductDetail:33 - ===========Invoking browser =============
2020-07-26 19:17:40 INFO  TestBase:55 - navigating to :-https://www.flipkart.com/search?q=Camera&otracker=search&otracker1=search&marketplace=FLIPKART&as-show=on&as=off
2020-07-26 19:17:46 INFO  ProductDetail:42 - Landedcom.pageObjects.PO_ProductDetail@a1f72f5
2020-07-26 19:18:35 INFO  ProductDetail:33 - ===========Invoking browser =============
2020-07-26 19:18:41 INFO  TestBase:55 - navigating to :-https://www.flipkart.com/search?q=Camera&otracker=search&otracker1=search&marketplace=FLIPKART&as-show=on&as=off
2020-07-26 19:18:47 INFO  ProductDetail:42 - Landedcom.pageObjects.PO_ProductDetail@a1f72f5
2020-07-26 19:31:50 INFO  ProductDetail:33 - ===========Invoking browser =============
2020-07-26 19:31:55 INFO  TestBase:55 - navigating to :-https://www.flipkart.com/search?q=Camera&otracker=search&otracker1=search&marketplace=FLIPKART&as-show=on&as=off
2020-07-26 19:32:01 INFO  ProductDetail:42 - Landedcom.pageObjects.PO_ProductDetail@589da3f3
2020-07-26 19:33:24 INFO  Login:32 - ===========Invoking browser =============
2020-07-26 19:33:29 INFO  TestBase:55 - navigating to :-https://www.flipkart.com
2020-07-26 19:33:36 INFO  Login:48 - ================Login Successfully===================
2020-07-26 19:33:36 INFO  LoginPage:84 - =========Landed to HomePage=======
2020-07-26 19:33:39 INFO  PO_HomePage:51 - =====Clicking on Search Bar=========
2020-07-26 19:33:40 INFO  PO_HomePage:60 - ====Search Text Enter=====
2020-07-26 19:33:41 INFO  HomePage:43 - ================Search result appear===================
2020-07-26 19:33:41 INFO  ProductDetail:35 - Landedcom.pageObjects.PO_ProductDetail@435871cb
2020-07-26 19:34:47 INFO  ProductDetail:33 - ===========Invoking browser =============
2020-07-26 19:34:52 INFO  TestBase:55 - navigating to :-https://www.flipkart.com/search?q=Camera&otracker=search&otracker1=search&marketplace=FLIPKART&as-show=on&as=off
2020-07-26 19:34:58 INFO  ProductDetail:42 - Landedcom.pageObjects.PO_ProductDetail@589da3f3
2020-07-26 19:36:05 INFO  Login:32 - ===========Invoking browser =============
2020-07-26 19:36:11 INFO  TestBase:55 - navigating to :-http://www.flipkart.com
2020-07-26 19:36:18 INFO  Login:48 - ================Login Successfully===================
2020-07-26 19:36:18 INFO  LoginPage:84 - =========Landed to HomePage=======
2020-07-26 19:36:21 INFO  PO_HomePage:51 - =====Clicking on Search Bar=========
2020-07-26 19:36:22 INFO  PO_HomePage:60 - ====Search Text Enter=====
2020-07-26 19:36:23 INFO  HomePage:43 - ================Search result appear===================
2020-07-26 19:36:23 INFO  ProductDetail:35 - Landedcom.pageObjects.PO_ProductDetail@435871cb
2020-07-26 19:37:19 INFO  Login:32 - ===========Invoking browser =============
2020-07-26 19:37:24 INFO  TestBase:55 - navigating to :-http://www.flipkart.com
2020-07-26 19:37:31 INFO  Login:48 - ================Login Successfully===================
2020-07-26 19:37:31 INFO  LoginPage:84 - =========Landed to HomePage=======
2020-07-26 19:37:34 INFO  PO_HomePage:51 - =====Clicking on Search Bar=========
2020-07-26 19:37:35 INFO  PO_HomePage:60 - ====Search Text Enter=====
2020-07-26 19:37:37 INFO  HomePage:43 - ================Search result appear===================
2020-07-26 19:37:37 INFO  ProductDetail:35 - Landedcom.pageObjects.PO_ProductDetail@435871cb
2020-07-26 19:40:12 INFO  Login:32 - ===========Invoking browser =============
2020-07-26 19:40:17 INFO  TestBase:55 - navigating to :-http://www.flipkart.com
2020-07-26 19:40:23 INFO  Login:48 - ================Login Successfully===================
2020-07-26 19:40:23 INFO  LoginPage:84 - =========Landed to HomePage=======
2020-07-26 19:40:26 INFO  PO_HomePage:51 - =====Clicking on Search Bar=========
2020-07-26 19:40:27 INFO  PO_HomePage:60 - ====Search Text Enter=====
2020-07-26 19:40:28 INFO  HomePage:43 - ================Search result appear===================
2020-07-26 19:40:28 INFO  ProductDetail:35 - Landedcom.pageObjects.PO_ProductDetail@435871cb
2020-07-26 19:42:28 INFO  Login:32 - ===========Invoking browser =============
2020-07-26 19:42:33 INFO  TestBase:55 - navigating to :-http://www.flipkart.com
2020-07-26 19:42:40 INFO  Login:48 - ================Login Successfully===================
2020-07-26 19:42:40 INFO  LoginPage:84 - =========Landed to HomePage=======
2020-07-26 19:42:43 INFO  PO_HomePage:51 - =====Clicking on Search Bar=========
2020-07-26 19:42:44 INFO  PO_HomePage:60 - ====Search Text Enter=====
2020-07-26 19:42:46 INFO  HomePage:43 - ================Search result appear===================
2020-07-26 19:42:46 INFO  ProductDetail:35 - Landedcom.pageObjects.PO_ProductDetail@435871cb
2020-07-27 10:44:33 INFO  Login:32 - ===========Invoking browser =============
2020-07-27 10:44:38 INFO  TestBase:55 - navigating to :-http://www.flipkart.com
2020-07-27 10:44:45 INFO  Login:48 - ================Login Successfully===================
2020-07-27 10:44:45 INFO  LoginPage:84 - =========Landed to HomePage=======
2020-07-27 10:44:48 INFO  PO_HomePage:51 - =====Clicking on Search Bar=========
2020-07-27 10:44:49 INFO  PO_HomePage:60 - ====Search Text Enter=====
2020-07-27 10:44:51 INFO  HomePage:43 - ================Search result appear===================
2020-07-27 10:44:51 INFO  ProductDetail:35 - Landedcom.pageObjects.PO_ProductDetail@435871cb
2020-07-27 10:46:30 INFO  Login:32 - ===========Invoking browser =============
2020-07-27 10:46:35 INFO  TestBase:55 - navigating to :-http://www.flipkart.com
2020-07-27 10:46:42 INFO  Login:48 - ================Login Successfully===================
2020-07-27 10:46:42 INFO  LoginPage:84 - =========Landed to HomePage=======
2020-07-27 10:46:45 INFO  PO_HomePage:51 - =====Clicking on Search Bar=========
2020-07-27 10:46:46 INFO  ProductDetail:35 - Landedcom.pageObjects.PO_ProductDetail@4bff1903
2020-07-27 10:54:26 INFO  Login:32 - ===========Invoking browser =============
2020-07-27 10:54:30 INFO  TestBase:55 - navigating to :-http://www.flipkart.com
2020-07-27 10:54:37 INFO  Login:48 - ================Login Successfully===================
2020-07-27 10:54:37 INFO  LoginPage:84 - =========Landed to HomePage=======
2020-07-27 10:54:40 INFO  HomePage:40 - =======User not logged in========
2020-07-27 10:54:40 INFO  PO_HomePage:52 - =====Clicking on Search Bar=========
2020-07-27 10:54:42 INFO  PO_HomePage:61 - ====Search Text Enter=====
2020-07-27 10:54:44 INFO  HomePage:46 - ================Search result appear===================
2020-07-27 10:54:44 INFO  ProductDetail:35 - Landedcom.pageObjects.PO_ProductDetail@192d74fb
2020-07-27 10:54:44 INFO  ProductDetail:38 - Sony CyberShot DSC-W810/BC IN5
41,816 Ratings & 287 Reviews
Effective Pixels: 20.1 MP
Optical Zoom: 6 | Digital Zoom: 12x
Auto Focus
Display Size: 3.2
2 Years Sony India Warranty
?7,790
No Cost EMI
2020-07-27 10:54:45 INFO  ProductDetail:49 - ===Current Window is===CDwindow-704B7AEB090C486E2A04C79AF51AED33
2020-07-27 11:03:41 INFO  Login:32 - ===========Invoking browser =============
2020-07-27 11:03:46 INFO  TestBase:55 - navigating to :-http://www.flipkart.com
2020-07-27 11:03:56 INFO  Login:48 - ================Login Successfully===================
2020-07-27 11:03:56 INFO  LoginPage:84 - =========Landed to HomePage=======
2020-07-27 11:03:59 INFO  PO_HomePage:52 - =====Clicking on Search Bar=========
2020-07-27 11:04:00 INFO  PO_HomePage:61 - ====Search Text Enter=====
2020-07-27 11:04:02 INFO  HomePage:46 - ================Search result appear===================
2020-07-27 11:04:02 INFO  ProductDetail:37 - Landedcom.pageObjects.PO_ProductDetail@4bef0fe3
2020-07-27 11:04:02 INFO  ProductDetail:50 - ===Current Window is===CDwindow-388A3B84B76CD4FA7F8B612B77ACECBD
2020-07-27 11:05:44 INFO  Login:32 - ===========Invoking browser =============
2020-07-27 11:05:49 INFO  TestBase:55 - navigating to :-http://www.flipkart.com
2020-07-27 11:05:57 INFO  Login:48 - ================Login Successfully===================
2020-07-27 11:05:57 INFO  LoginPage:84 - =========Landed to HomePage=======
2020-07-27 11:06:00 INFO  PO_HomePage:52 - =====Clicking on Search Bar=========
2020-07-27 11:06:01 INFO  PO_HomePage:61 - ====Search Text Enter=====
2020-07-27 11:06:02 INFO  HomePage:46 - ================Search result appear===================
2020-07-27 11:06:02 INFO  ProductDetail:37 - Landedcom.pageObjects.PO_ProductDetail@4bef0fe3
2020-07-27 11:07:26 INFO  Login:32 - ===========Invoking browser =============
2020-07-27 11:07:31 INFO  TestBase:55 - navigating to :-http://www.flipkart.com
2020-07-27 11:07:37 INFO  Login:48 - ================Login Successfully===================
2020-07-27 11:07:37 INFO  LoginPage:84 - =========Landed to HomePage=======
2020-07-27 11:07:41 INFO  PO_HomePage:52 - =====Clicking on Search Bar=========
2020-07-27 11:07:41 INFO  PO_HomePage:61 - ====Search Text Enter=====
2020-07-27 11:07:44 INFO  HomePage:46 - ================Search result appear===================
2020-07-27 11:07:44 INFO  ProductDetail:37 - Landedcom.pageObjects.PO_ProductDetail@4bef0fe3
2020-07-27 11:10:01 INFO  Login:32 - ===========Invoking browser =============
2020-07-27 11:10:06 INFO  TestBase:55 - navigating to :-http://www.flipkart.com
2020-07-27 11:10:13 INFO  Login:48 - ================Login Successfully===================
2020-07-27 11:10:13 INFO  LoginPage:84 - =========Landed to HomePage=======
2020-07-27 11:10:16 INFO  PO_HomePage:52 - =====Clicking on Search Bar=========
2020-07-27 11:10:17 INFO  PO_HomePage:61 - ====Search Text Enter=====
2020-07-27 11:10:19 INFO  HomePage:46 - ================Search result appear===================
2020-07-27 11:10:19 INFO  ProductDetail:37 - Landed====com.pageObjects.PO_ProductDetail@4bef0fe3
2020-07-27 11:10:19 INFO  PO_ProductDetail:46 - product is==Sony CyberShot DSC-W810/BC IN5
41,816 Ratings & 287 Reviews
Effective Pixels: 20.1 MP
Optical Zoom: 6 | Digital Zoom: 12x
Auto Focus
Display Size: 3.2
2 Years Sony India Warranty
?7,790
No Cost EMI
2020-07-27 11:10:20 INFO  PO_ProductDetail:51 - ============Select the product====
2020-07-27 11:14:21 INFO  Login:32 - ===========Invoking browser =============
2020-07-27 11:14:26 INFO  TestBase:55 - navigating to :-http://www.flipkart.com
2020-07-27 11:14:34 INFO  Login:48 - ================Login Successfully===================
2020-07-27 11:14:34 INFO  LoginPage:84 - =========Landed to HomePage=======
2020-07-27 11:14:38 INFO  PO_HomePage:52 - =====Clicking on Search Bar=========
2020-07-27 11:14:38 INFO  PO_HomePage:61 - ====Search Text Enter=====
2020-07-27 11:14:40 INFO  HomePage:46 - ================Search result appear===================
2020-07-27 11:14:40 INFO  ProductDetail:37 - Landed====com.pageObjects.PO_ProductDetail@192d74fb
2020-07-27 11:14:40 INFO  PO_ProductDetail:46 - product is==Sony CyberShot DSC-W810/BC IN5
41,816 Ratings & 287 Reviews
Effective Pixels: 20.1 MP
Optical Zoom: 6 | Digital Zoom: 12x
Auto Focus
Display Size: 3.2
2 Years Sony India Warranty
?7,790
No Cost EMI
2020-07-27 11:14:41 ERROR PO_ProductDetail:57 - ====Not selected=======
2020-07-27 11:16:50 INFO  Login:32 - ===========Invoking browser =============
2020-07-27 11:16:55 INFO  TestBase:55 - navigating to :-http://www.flipkart.com
2020-07-27 11:17:12 INFO  Login:48 - ================Login Successfully===================
2020-07-27 11:17:12 INFO  LoginPage:84 - =========Landed to HomePage=======
2020-07-27 11:17:16 INFO  PO_HomePage:52 - =====Clicking on Search Bar=========
2020-07-27 11:17:16 INFO  PO_HomePage:61 - ====Search Text Enter=====
2020-07-27 11:17:18 INFO  HomePage:46 - ================Search result appear===================
2020-07-27 11:17:18 INFO  ProductDetail:37 - Landed====com.pageObjects.PO_ProductDetail@192d74fb
2020-07-27 11:17:18 INFO  PO_ProductDetail:46 - product is==Sony CyberShot DSC-W810/BC IN5
41,816 Ratings & 287 Reviews
Effective Pixels: 20.1 MP
Optical Zoom: 6 | Digital Zoom: 12x
Auto Focus
Display Size: 3.2
2 Years Sony India Warranty
?7,790
No Cost EMI
2020-07-27 11:17:18 INFO  PO_ProductDetail:53 - ============Select the product====
2020-07-27 13:13:37 INFO  Login:32 - ===========Invoking browser =============
2020-07-27 13:13:42 INFO  TestBase:55 - navigating to :-http://www.flipkart.com
2020-07-27 13:13:49 INFO  Login:48 - ================Login Successfully===================
2020-07-27 13:13:49 INFO  LoginPage:84 - =========Landed to HomePage=======
2020-07-27 13:14:05 INFO  ProductDetail:39 - Landed====com.pageObjects.PO_ProductDetail@19fb8826
2020-07-27 13:14:22 INFO  Login:32 - ===========Invoking browser =============
2020-07-27 13:14:27 INFO  TestBase:55 - navigating to :-http://www.flipkart.com
2020-07-27 13:14:34 INFO  Login:48 - ================Login Successfully===================
2020-07-27 13:14:34 INFO  LoginPage:84 - =========Landed to HomePage=======
2020-07-27 13:14:38 INFO  PO_HomePage:52 - =====Clicking on Search Bar=========
2020-07-27 13:14:38 INFO  PO_HomePage:61 - ====Search Text Enter=====
2020-07-27 13:14:41 INFO  HomePage:46 - ================Search result appear===================
2020-07-27 13:14:41 INFO  ProductDetail:39 - Landed====com.pageObjects.PO_ProductDetail@192d74fb
2020-07-27 13:14:41 INFO  PO_ProductDetail:46 - product is==Add to Compare
BabyTiger Mini Digital Camera for Kids with Expandable Memory - Blue/Yellow Kids Camera Point & Shoot ...
3.411 Ratings & 1 Reviews
Effective Pixels: 2 MP
Optical Zoom: 2
Sensor Type: CMOS | LCD Size: 2 inch
Max Shutter Speed: 2
NA
?999
No Cost EMI
2020-07-27 13:14:42 INFO  PO_ProductDetail:53 - ============Select the product====
2020-07-27 17:56:47 INFO  Login:32 - ===========Invoking browser =============
2020-07-27 17:56:51 INFO  TestBase:57 - navigating to :-http://www.flipkart.com
2020-07-27 17:56:59 INFO  Login:48 - ================Login Successfully===================
2020-07-27 17:56:59 INFO  LoginPage:84 - =========Landed to HomePage=======
2020-07-27 17:57:10 INFO  PO_HomePage:52 - =====Clicking on Search Bar=========
2020-07-27 17:57:11 INFO  PO_HomePage:61 - ====Search Text Enter=====
2020-07-27 17:57:11 INFO  ProductDetail:39 - Landed====com.pageObjects.PO_ProductDetail@749c877b
2020-07-27 17:57:22 INFO  Login:32 - ===========Invoking browser =============
2020-07-27 17:57:28 INFO  TestBase:57 - navigating to :-http://www.flipkart.com
2020-07-27 17:57:36 INFO  Login:48 - ================Login Successfully===================
2020-07-27 17:57:36 INFO  LoginPage:84 - =========Landed to HomePage=======
2020-07-27 17:57:39 INFO  PO_HomePage:52 - =====Clicking on Search Bar=========
2020-07-27 17:57:40 INFO  PO_HomePage:61 - ====Search Text Enter=====
2020-07-27 17:57:41 INFO  HomePage:46 - ================Search result appear===================
2020-07-27 17:57:41 INFO  ProductDetail:39 - Landed====com.pageObjects.PO_ProductDetail@55b5f5d2
2020-07-27 17:57:42 INFO  PO_ProductDetail:46 - product is==Sony CyberShot DSC-W810/BC IN5
41,817 Ratings & 287 Reviews
Effective Pixels: 20.1 MP
Optical Zoom: 6 | Digital Zoom: 12x
Auto Focus
Display Size: 3.2
2 Years Sony India Warranty
?7,790
No Cost EMI
2020-07-27 17:57:43 INFO  PO_ProductDetail:53 - ============Select the product====
2020-07-27 17:59:50 INFO  Login:32 - ===========Invoking browser =============
2020-07-27 17:59:55 INFO  TestBase:57 - navigating to :-http://www.flipkart.com
2020-07-27 18:00:02 INFO  Login:48 - ================Login Successfully===================
2020-07-27 18:00:02 INFO  LoginPage:84 - =========Landed to HomePage=======
2020-07-27 18:00:05 INFO  PO_HomePage:52 - =====Clicking on Search Bar=========
2020-07-27 18:00:06 INFO  PO_HomePage:61 - ====Search Text Enter=====
2020-07-27 18:00:07 INFO  HomePage:46 - ================Search result appear===================
2020-07-27 18:00:07 INFO  ProductDetail:39 - Landed====com.pageObjects.PO_ProductDetail@55b5f5d2
2020-07-27 18:00:08 INFO  PO_ProductDetail:46 - product is==Sony CyberShot DSC-W810/BC IN5
41,817 Ratings & 287 Reviews
Effective Pixels: 20.1 MP
Optical Zoom: 6 | Digital Zoom: 12x
Auto Focus
Display Size: 3.2
2 Years Sony India Warranty
?7,790
No Cost EMI
2020-07-27 18:00:09 INFO  PO_ProductDetail:53 - ============Select the product====
2020-07-27 18:05:47 INFO  Login:32 - ===========Invoking browser =============
2020-07-27 18:05:53 INFO  TestBase:58 - navigating to :-http://www.flipkart.com
2020-07-27 18:06:04 INFO  Login:48 - ================Login Successfully===================
2020-07-27 18:06:04 INFO  LoginPage:84 - =========Landed to HomePage=======
2020-07-27 18:06:09 INFO  PO_HomePage:52 - =====Clicking on Search Bar=========
2020-07-27 18:06:10 INFO  PO_HomePage:61 - ====Search Text Enter=====
2020-07-27 18:06:11 INFO  HomePage:46 - ================Search result appear===================
2020-07-27 18:06:11 INFO  ProductDetail:39 - Landed====com.pageObjects.PO_ProductDetail@66ce957f
2020-07-27 18:06:11 INFO  PO_ProductDetail:46 - product is==Sony CyberShot DSC-W810/BC IN5
41,817 Ratings & 287 Reviews
Effective Pixels: 20.1 MP
Optical Zoom: 6 | Digital Zoom: 12x
Auto Focus
Display Size: 3.2
2 Years Sony India Warranty
?7,790
No Cost EMI
2020-07-27 18:06:12 INFO  PO_ProductDetail:53 - ============Select the product====
2020-07-27 18:06:12 INFO  PO_AddToCart:54 - ====Adding product====
2020-07-27 18:07:14 INFO  Login:32 - ===========Invoking browser =============
2020-07-27 18:07:24 INFO  TestBase:58 - navigating to :-http://www.flipkart.com
2020-07-27 18:07:44 INFO  Login:48 - ================Login Successfully===================
2020-07-27 18:07:44 INFO  LoginPage:84 - =========Landed to HomePage=======
2020-07-27 18:07:47 INFO  PO_HomePage:52 - =====Clicking on Search Bar=========
2020-07-27 18:07:48 INFO  PO_HomePage:61 - ====Search Text Enter=====
2020-07-27 18:07:51 INFO  HomePage:46 - ================Search result appear===================
2020-07-27 18:07:51 INFO  ProductDetail:39 - Landed====com.pageObjects.PO_ProductDetail@66ce957f
2020-07-27 18:07:51 INFO  PO_ProductDetail:46 - product is==Sony CyberShot DSC-W810/BC IN5
41,817 Ratings & 287 Reviews
Effective Pixels: 20.1 MP
Optical Zoom: 6 | Digital Zoom: 12x
Auto Focus
Display Size: 3.2
2 Years Sony India Warranty
?7,790
No Cost EMI
2020-07-27 18:07:52 INFO  PO_ProductDetail:53 - ============Select the product====
2020-07-27 18:07:52 INFO  PO_AddToCart:53 - ====Adding product====
2020-07-27 18:19:49 INFO  Login:32 - ===========Invoking browser =============
2020-07-27 18:19:55 INFO  TestBase:58 - navigating to :-http://www.flipkart.com
2020-07-27 18:20:03 INFO  Login:48 - ================Login Successfully===================
2020-07-27 18:20:03 INFO  LoginPage:84 - =========Landed to HomePage=======
2020-07-27 18:20:06 INFO  PO_HomePage:52 - =====Clicking on Search Bar=========
2020-07-27 18:20:07 INFO  PO_HomePage:61 - ====Search Text Enter=====
2020-07-27 18:20:08 INFO  HomePage:46 - ================Search result appear===================
2020-07-27 18:20:08 INFO  ProductDetail:39 - Landed====com.pageObjects.PO_ProductDetail@66ce957f
2020-07-27 18:20:09 INFO  PO_ProductDetail:46 - product is==Sony CyberShot DSC-W810/BC IN5
41,817 Ratings & 288 Reviews
Effective Pixels: 20.1 MP
Optical Zoom: 6 | Digital Zoom: 12x
Auto Focus
Display Size: 3.2
2 Years Sony India Warranty
?7,790
No Cost EMI
2020-07-27 18:20:09 INFO  PO_ProductDetail:53 - ============Select the product====
2020-07-27 18:20:09 INFO  PO_AddToCart:53 - ====Adding product====
2020-07-27 18:26:15 INFO  Login:32 - ===========Invoking browser =============
2020-07-27 18:26:21 INFO  TestBase:58 - navigating to :-http://www.flipkart.com
2020-07-27 18:26:29 INFO  Login:48 - ================Login Successfully===================
2020-07-27 18:26:29 INFO  LoginPage:84 - =========Landed to HomePage=======
2020-07-27 18:26:32 INFO  PO_HomePage:52 - =====Clicking on Search Bar=========
2020-07-27 18:26:33 INFO  PO_HomePage:61 - ====Search Text Enter=====
2020-07-27 18:26:37 INFO  HomePage:46 - ================Search result appear===================
2020-07-27 18:26:37 INFO  ProductDetail:39 - Landed====com.pageObjects.PO_ProductDetail@62ea3440
2020-07-27 18:26:37 INFO  PO_ProductDetail:46 - product is==Sony CyberShot DSC-W810/BC IN5
41,817 Ratings & 288 Reviews
Effective Pixels: 20.1 MP
Optical Zoom: 6 | Digital Zoom: 12x
Auto Focus
Display Size: 3.2
2 Years Sony India Warranty
?7,790
No Cost EMI
2020-07-27 18:26:38 INFO  PO_ProductDetail:53 - ============Select the product====
2020-07-27 18:26:38 INFO  PO_AddToCart:53 - ====Adding product====
2020-07-27 18:26:42 INFO  PO_AddToCart:58 - Click on Add to cart===
2020-07-27 18:26:42 INFO  AddtoCart:44 - Product added Successfully
2020-07-27 18:52:43 INFO  Login:32 - ===========Invoking browser =============
2020-07-27 18:52:48 INFO  TestBase:58 - navigating to :-http://www.flipkart.com
2020-07-27 18:52:58 INFO  Login:48 - ================Login Successfully===================
2020-07-27 18:52:58 INFO  LoginPage:84 - =========Landed to HomePage=======
2020-07-27 18:53:01 INFO  PO_HomePage:52 - =====Clicking on Search Bar=========
2020-07-27 18:53:02 INFO  PO_HomePage:61 - ====Search Text Enter=====
2020-07-27 18:53:04 INFO  HomePage:46 - ================Search result appear===================
2020-07-27 18:53:04 INFO  ProductDetail:39 - Landed====com.pageObjects.PO_ProductDetail@62ea3440
2020-07-27 18:53:04 INFO  PO_ProductDetail:46 - product is==Richuzers Point And Shoot Digital Camera For Kids Best Gift For Kids
2.38 Ratings & 1 Reviews
Effective Pixels: 3 MP
Optical Zoom: 0 | Digital Zoom: 0
Display Size: 2 inch
Replacement warranty against manufacturing defect
?1,199
?2,99059% off
No Cost EMI
2020-07-27 18:53:05 INFO  PO_ProductDetail:53 - ============Select the product====
2020-07-27 18:53:05 INFO  PO_AddToCart:64 - ====Adding product====
2020-07-27 18:53:09 INFO  PO_AddToCart:69 - Click on Add to cart===
2020-07-27 18:53:09 INFO  AddtoCart:44 - Product added Successfully
2020-07-27 18:57:23 INFO  Login:32 - ===========Invoking browser =============
2020-07-27 18:57:28 INFO  TestBase:58 - navigating to :-http://www.flipkart.com
2020-07-27 18:57:35 INFO  Login:48 - ================Login Successfully===================
2020-07-27 18:57:35 INFO  LoginPage:84 - =========Landed to HomePage=======
2020-07-27 18:57:38 INFO  PO_HomePage:52 - =====Clicking on Search Bar=========
2020-07-27 18:57:39 INFO  PO_HomePage:61 - ====Search Text Enter=====
2020-07-27 18:57:40 INFO  HomePage:46 - ================Search result appear===================
2020-07-27 18:57:40 INFO  ProductDetail:39 - Landed====com.pageObjects.PO_ProductDetail@62ea3440
2020-07-27 18:57:41 INFO  PO_ProductDetail:46 - product is==Richuzers Point And Shoot Digital Camera For Kids Best Gift For Kids
2.38 Ratings & 1 Reviews
Effective Pixels: 3 MP
Optical Zoom: 0 | Digital Zoom: 0
Display Size: 2 inch
Replacement warranty against manufacturing defect
?1,199
?2,99059% off
No Cost EMI
2020-07-27 18:57:42 INFO  PO_ProductDetail:53 - ============Select the product====
2020-07-27 18:57:42 INFO  PO_AddToCart:69 - ====Adding product====
2020-07-27 18:57:45 INFO  PO_AddToCart:74 - Click on Add to cart===
2020-07-27 18:57:46 INFO  AddtoCart:44 - Product added Successfully
2020-07-27 19:16:57 INFO  Login:32 - ===========Invoking browser =============
2020-07-27 19:17:02 INFO  TestBase:58 - navigating to :-http://www.flipkart.com
2020-07-27 19:17:09 INFO  Login:48 - ================Login Successfully===================
2020-07-27 19:17:09 INFO  LoginPage:84 - =========Landed to HomePage=======
2020-07-27 19:17:12 INFO  PO_HomePage:52 - =====Clicking on Search Bar=========
2020-07-27 19:17:13 INFO  PO_HomePage:61 - ====Search Text Enter=====
2020-07-27 19:17:14 INFO  HomePage:46 - ================Search result appear===================
2020-07-27 19:17:14 INFO  ProductDetail:39 - Landed====com.pageObjects.PO_ProductDetail@62ea3440
2020-07-27 19:17:15 INFO  PO_ProductDetail:46 - product is==Sony CyberShot DSC-W810/BC IN5
41,817 Ratings & 288 Reviews
Effective Pixels: 20.1 MP
Optical Zoom: 6 | Digital Zoom: 12x
Auto Focus
Display Size: 3.2
2 Years Sony India Warranty
?7,790
No Cost EMI
2020-07-27 19:17:15 INFO  PO_ProductDetail:53 - ============Select the product====
2020-07-27 19:17:16 INFO  PO_AddToCart:69 - ====Adding product====
2020-07-27 19:17:19 INFO  PO_AddToCart:74 - Click on Add to cart===
2020-07-27 19:17:20 INFO  AddtoCart:44 - Product added Successfully
2020-07-27 19:18:20 INFO  Login:32 - ===========Invoking browser =============
2020-07-27 19:18:25 INFO  TestBase:58 - navigating to :-http://www.flipkart.com
2020-07-27 19:18:33 INFO  Login:48 - ================Login Successfully===================
2020-07-27 19:18:33 INFO  LoginPage:84 - =========Landed to HomePage=======
2020-07-27 19:18:36 INFO  PO_HomePage:52 - =====Clicking on Search Bar=========
2020-07-27 19:18:37 INFO  PO_HomePage:61 - ====Search Text Enter=====
2020-07-27 19:18:38 INFO  HomePage:46 - ================Search result appear===================
2020-07-27 19:18:38 INFO  ProductDetail:39 - Landed====com.pageObjects.PO_ProductDetail@66ce957f
2020-07-27 19:18:39 INFO  PO_ProductDetail:46 - product is==Sony CyberShot DSC-W810/BC IN5
41,817 Ratings & 288 Reviews
Effective Pixels: 20.1 MP
Optical Zoom: 6 | Digital Zoom: 12x
Auto Focus
Display Size: 3.2
2 Years Sony India Warranty
?7,790
No Cost EMI
2020-07-27 19:18:39 INFO  PO_ProductDetail:53 - ============Select the product====
2020-07-27 19:18:39 INFO  PO_AddToCart:69 - ====Adding product====
2020-07-27 19:18:43 INFO  PO_AddToCart:74 - Click on Add to cart===
2020-07-27 19:18:43 INFO  AddtoCart:44 - Product added Successfully
2020-07-27 19:24:20 INFO  Login:32 - ===========Invoking browser =============
2020-07-27 19:24:26 INFO  TestBase:58 - navigating to :-http://www.flipkart.com
2020-07-27 19:24:32 INFO  Login:48 - ================Login Successfully===================
2020-07-27 19:24:32 INFO  LoginPage:84 - =========Landed to HomePage=======
2020-07-27 19:24:35 INFO  PO_HomePage:52 - =====Clicking on Search Bar=========
2020-07-27 19:24:36 INFO  PO_HomePage:61 - ====Search Text Enter=====
2020-07-27 19:24:37 INFO  HomePage:46 - ================Search result appear===================
2020-07-27 19:24:37 INFO  ProductDetail:39 - Landed====com.pageObjects.PO_ProductDetail@66ce957f
2020-07-27 19:24:37 INFO  PO_ProductDetail:46 - product is==Sony CyberShot DSC-W800/BC IN5
3.93,030 Ratings & 503 Reviews
Effective Pixels: 20.1 MP
Optical Zoom: 5 | Digital Zoom: 13x
Auto Focus
Display Size: 3
2 Years Sony India Warranty
?6,999
?7,2903% off
No Cost EMI
2020-07-27 19:24:38 INFO  PO_ProductDetail:53 - ============Select the product====
2020-07-27 19:24:38 INFO  PO_AddToCart:69 - ====Adding product====
2020-07-27 19:24:43 INFO  PO_AddToCart:74 - Click on Add to cart===
2020-07-27 19:24:43 INFO  AddtoCart:44 - Product added Successfully
2020-07-27 19:24:43 INFO  AddtoCart:46 - =====Verify Product Details========
2020-07-27 19:34:27 INFO  Login:32 - ===========Invoking browser =============
2020-07-27 19:34:33 INFO  TestBase:58 - navigating to :-http://www.flipkart.com
2020-07-27 19:34:41 INFO  Login:48 - ================Login Successfully===================
2020-07-27 19:34:41 INFO  LoginPage:84 - =========Landed to HomePage=======
2020-07-27 19:34:44 INFO  PO_HomePage:52 - =====Clicking on Search Bar=========
2020-07-27 19:34:45 INFO  PO_HomePage:61 - ====Search Text Enter=====
2020-07-27 19:34:47 INFO  HomePage:46 - ================Search result appear===================
2020-07-27 19:34:47 INFO  ProductDetail:39 - Landed====com.pageObjects.PO_ProductDetail@66ce957f
2020-07-27 19:34:48 INFO  PO_ProductDetail:49 - product is==Sony CyberShot DSC-W800/BC IN5
3.93,030 Ratings & 503 Reviews
Effective Pixels: 20.1 MP
Optical Zoom: 5 | Digital Zoom: 13x
Auto Focus
Display Size: 3
2 Years Sony India Warranty
?6,999
?7,2903% off
No Cost EMI
2020-07-27 19:34:48 INFO  PO_ProductDetail:56 - ============Select the product====
2020-07-27 19:34:48 INFO  PO_AddToCart:69 - ====Adding product====
2020-07-27 19:34:53 INFO  PO_AddToCart:74 - Click on Add to cart===
2020-07-27 19:34:53 INFO  AddtoCart:44 - Product added Successfully
2020-07-27 19:36:14 INFO  Login:32 - ===========Invoking browser =============
2020-07-27 19:36:19 INFO  TestBase:58 - navigating to :-http://www.flipkart.com
2020-07-27 19:36:27 INFO  Login:48 - ================Login Successfully===================
2020-07-27 19:36:27 INFO  LoginPage:84 - =========Landed to HomePage=======
2020-07-27 19:36:30 INFO  PO_HomePage:52 - =====Clicking on Search Bar=========
2020-07-27 19:36:31 INFO  PO_HomePage:61 - ====Search Text Enter=====
2020-07-27 19:36:33 INFO  HomePage:46 - ================Search result appear===================
2020-07-27 19:36:33 INFO  ProductDetail:39 - Landed====com.pageObjects.PO_ProductDetail@66ce957f
2020-07-27 19:36:33 INFO  PO_ProductDetail:49 - product is==Sony CyberShot DSC-H300
44,271 Ratings & 843 Reviews
Effective Pixels: 20.1 MP
Optical Zoom: 35 | Digital Zoom: 70x
Auto Focus
Display Size: 3
2 Years Sony India Warranty
?13,999
?14,6904% off
No Cost EMI
2020-07-27 19:36:34 INFO  PO_ProductDetail:56 - ============Select the product====
2020-07-27 19:36:34 INFO  PO_AddToCart:69 - ====Adding product====
2020-07-27 19:36:39 INFO  PO_AddToCart:74 - Click on Add to cart===
2020-07-27 19:36:39 INFO  AddtoCart:44 - Product added Successfully
2020-07-27 19:39:34 INFO  Login:32 - ===========Invoking browser =============
2020-07-27 19:39:39 INFO  TestBase:58 - navigating to :-http://www.flipkart.com
2020-07-27 19:39:46 INFO  Login:48 - ================Login Successfully===================
2020-07-27 19:39:46 INFO  LoginPage:84 - =========Landed to HomePage=======
2020-07-27 19:39:49 INFO  PO_HomePage:52 - =====Clicking on Search Bar=========
2020-07-27 19:39:50 INFO  PO_HomePage:61 - ====Search Text Enter=====
2020-07-27 19:39:53 INFO  HomePage:46 - ================Search result appear===================
2020-07-27 19:39:53 INFO  ProductDetail:39 - Landed====com.pageObjects.PO_ProductDetail@66ce957f
2020-07-27 19:39:53 INFO  PO_ProductDetail:49 - product is==Sony CyberShot DSC-H300
44,271 Ratings & 843 Reviews
Effective Pixels: 20.1 MP
Optical Zoom: 35 | Digital Zoom: 70x
Auto Focus
Display Size: 3
2 Years Sony India Warranty
?13,999
?14,6904% off
No Cost EMI
2020-07-27 19:39:54 INFO  PO_ProductDetail:56 - ============Select the product====
2020-07-27 19:39:54 INFO  PO_AddToCart:69 - ====Adding product====
2020-07-27 19:39:58 INFO  PO_AddToCart:74 - Click on Add to cart===
2020-07-27 19:39:58 INFO  AddtoCart:44 - Product added Successfully
